<?xml version="1.0" encoding="UTF-8"?>
<!-- Generated by org.testng.reporters.JUnitReportReporter -->
<testsuite hostname="DESKTOP-C2I0Q31" failures="0" tests="1" name="restAssuredTest.RestAssured_PUT_Request" time="5.448" errors="0" timestamp="2020-01-05T15:31:25 IST" skipped="0">
  <testcase classname="restAssuredTest.RestAssured_PUT_Request" name="RestAssured_PUTData" time="5.448"/>
  <system-out/>
</testsuite> <!-- restAssuredTest.RestAssured_PUT_Request -->
