<?xml version="1.0" encoding="UTF-8"?>
<!-- Generated by org.testng.reporters.JUnitReportReporter -->
<testsuite hostname="DESKTOP-C2I0Q31" failures="0" tests="1" name="restAssuredTest.RestAssured_DELETE_Request" time="4.263" errors="0" timestamp="2020-01-05T15:44:53 IST" skipped="0">
  <testcase classname="restAssuredTest.RestAssured_DELETE_Request" name="deleteTheRecord" time="4.263"/>
  <system-out/>
</testsuite> <!-- restAssuredTest.RestAssured_DELETE_Request -->
