<?xml version="1.0" encoding="UTF-8"?>
<!-- Generated by org.testng.reporters.JUnitReportReporter -->
<testsuite hostname="DESKTOP-C2I0Q31" failures="0" tests="1" name="restAssuredTest.RestAssured_POST_Request" time="7.024" errors="0" timestamp="2020-01-05T15:13:14 IST" skipped="0">
  <testcase classname="restAssuredTest.RestAssured_POST_Request" name="RestAssured_POSTData" time="7.024"/>
  <system-out/>
</testsuite> <!-- restAssuredTest.RestAssured_POST_Request -->
