<?xml version="1.0" encoding="UTF-8"?>
<!-- Generated by org.testng.reporters.JUnitReportReporter -->
<testsuite hostname="DESKTOP-C2I0Q31" failures="0" tests="1" name="restAssuredTest.RestAssured_GETReuest" time="11.360" errors="0" timestamp="2020-01-05T12:51:47 IST" skipped="0">
  <testcase classname="restAssuredTest.RestAssured_GETReuest" name="getWeatherDetails" time="11.360"/>
  <system-out/>
</testsuite> <!-- restAssuredTest.RestAssured_GETReuest -->
